const CONSTSYM
a IDENT
= EQUAL
10 NUMBER
; SEMI
var VARSYM
b IDENT
, COM
c IDENT
; SEMI
procedure PROCEDURESYM
p IDENT
; SEMI
procedure PROCEDURESYM
n3 IDENT
; SEMI
const CONSTSYM
c IDENT
= EQUAL
35 NUMBER
; SEMI
var VARSYM
a IDENT
, COM
x IDENT
; SEMI
begin BEGINSYM
x IDENT
:= ASSIGN
6 NUMBER
; SEMI
a IDENT
:= ASSIGN
a IDENT
* MUL
c IDENT
+ ADD
x IDENT
; SEMI
if IFSYM
a IDENT
<= LTOREQ
1024 NUMBER
then THENSYM
begin BEGINSYM
call CALLSYM
n3 IDENT
; SEMI
end ENDSYM
; SEMI
end ENDSYM
; SEMI
begin BEGINSYM
c IDENT
:= ASSIGN
b IDENT
+ ADD
a IDENT
end ENDSYM
; SEMI
begin BEGINSYM
read READSYM
( LPARE
b IDENT
) RPARE
; SEMI
while WHILESYM
b IDENT
# NOTEQL
0 NUMBER
do DOSYM
begin BEGINSYM
call CALLSYM
p IDENT
; SEMI
write WRITESYM
( LPARE
c IDENT
) RPARE
; SEMI
read READSYM
( LPARE
b IDENT
) RPARE
; SEMI
end ENDSYM
end ENDSYM
. END
